{"contracts/token-distribution/SaleRounds.sol":{"l":{"65":129,"67":129,"71":129,"74":129,"77":129,"81":129,"84":129,"87":129,"90":129,"93":129,"96":129,"99":129,"100":129,"101":129,"102":129,"103":129,"104":129,"105":129,"106":129,"107":129,"109":129,"112":129,"113":129,"114":129,"115":129,"118":129,"122":18,"124":18,"125":17,"126":16,"130":60,"132":60,"133":55,"137":20,"139":20,"142":18,"146":19,"148":19,"149":19,"153":15,"155":15,"159":9,"161":9,"165":22,"166":22,"167":21,"171":150,"172":150,"178":4,"179":4,"180":4,"181":12,"182":12,"184":4,"190":3,"191":3,"192":2,"194":1,"195":1,"196":1,"197":1,"201":1,"202":1,"207":530,"208":529,"209":528,"210":528,"216":16,"218":16,"219":1,"222":15,"223":1,"226":14,"232":8,"234":8,"235":7,"236":6,"237":5,"239":4,"240":4,"241":4,"246":19,"248":19,"259":19,"261":17,"263":17,"265":16,"267":16,"269":16,"273":14,"274":14,"275":14,"276":14,"277":14,"278":14,"283":17,"284":17,"285":17,"286":17,"287":17,"288":17,"289":17,"290":17,"291":17,"292":17,"298":16,"299":16,"300":16,"301":16,"306":16,"307":16,"308":16,"311":16,"312":16,"313":16,"314":16,"319":16,"320":14,"321":14,"322":14,"323":14,"324":14,"325":14,"326":14,"327":14,"328":14,"329":14,"330":14,"334":14,"338":14,"339":14,"343":6,"344":6,"348":2,"350":2},"path":"/Users/veyselmac/Desktop/MOONGAMING/mee-governance-token/contracts/token-distribution/SaleRounds.sol","s":{"1":129,"2":129,"3":129,"4":129,"5":129,"6":129,"7":129,"8":129,"9":129,"10":129,"11":129,"12":129,"13":129,"14":129,"15":129,"16":129,"17":129,"18":129,"19":129,"20":129,"21":129,"22":129,"23":129,"24":129,"25":129,"26":129,"27":18,"28":18,"29":17,"30":60,"31":60,"32":20,"33":20,"34":19,"35":19,"36":15,"37":15,"38":9,"39":9,"40":22,"41":22,"42":21,"43":150,"44":150,"45":4,"46":4,"47":4,"48":12,"49":12,"50":4,"51":3,"52":3,"53":2,"54":1,"55":1,"56":1,"57":1,"58":1,"59":1,"60":530,"61":529,"62":528,"63":528,"64":16,"65":16,"66":1,"67":15,"68":1,"69":14,"70":8,"71":8,"72":7,"73":6,"74":5,"75":4,"76":4,"77":4,"78":19,"79":19,"80":19,"81":17,"82":17,"83":16,"84":16,"85":16,"86":14,"87":2,"88":14,"89":14,"90":14,"91":14,"92":14,"93":17,"94":17,"95":17,"96":17,"97":17,"98":17,"99":17,"100":17,"101":17,"102":17,"103":16,"104":16,"105":16,"106":16,"107":16,"108":16,"109":16,"110":16,"111":16,"112":16,"113":16,"114":16,"115":14,"116":14,"117":14,"118":14,"119":14,"120":14,"121":14,"122":14,"123":14,"124":14,"125":14,"126":14,"127":14,"128":14,"129":6,"130":6,"131":2,"132":2},"b":{"1":[17,1],"2":[16,1],"3":[55,5],"4":[18,2],"5":[19,0],"6":[21,1],"7":[2,1],"8":[1,1],"9":[529,1],"10":[528,1],"11":[1,15],"12":[1,14],"13":[7,1],"14":[6,1],"15":[5,1],"16":[4,1],"17":[17,2],"18":[16,1],"19":[2,12],"20":[14,2],"21":[14,0]},"f":{"1":129,"2":18,"3":60,"4":20,"5":19,"6":15,"7":9,"8":22,"9":150,"10":4,"11":3,"12":1,"13":530,"14":16,"15":8,"16":19,"17":17,"18":16,"19":16,"20":16,"21":14,"22":14,"23":6,"24":2},"fnMap":{"1":{"name":"constructor","line":64,"loc":{"start":{"line":64,"column":4},"end":{"line":119,"column":4}}},"2":{"name":"isEligibleToReserveToken","line":121,"loc":{"start":{"line":121,"column":4},"end":{"line":127,"column":4}}},"3":{"name":"isRoundActive","line":129,"loc":{"start":{"line":129,"column":4},"end":{"line":134,"column":4}}},"4":{"name":"isInvestRound","line":136,"loc":{"start":{"line":136,"column":4},"end":{"line":143,"column":4}}},"5":{"name":"claimableRound","line":145,"loc":{"start":{"line":145,"column":4},"end":{"line":150,"column":4}}},"6":{"name":"setTokenPriceMap","line":152,"loc":{"start":{"line":152,"column":4},"end":{"line":156,"column":4}}},"7":{"name":"getTokenPriceMap","line":158,"loc":{"start":{"line":158,"column":4},"end":{"line":162,"column":4}}},"8":{"name":"setActiveRound","line":164,"loc":{"start":{"line":164,"column":4},"end":{"line":168,"column":4}}},"9":{"name":"setActiveRoundInternally","line":170,"loc":{"start":{"line":170,"column":4},"end":{"line":173,"column":4}}},"10":{"name":"addAddressForDistribution","line":176,"loc":{"start":{"line":175,"column":4},"end":{"line":185,"column":4}}},"11":{"name":"deleteAddressForDistribution","line":188,"loc":{"start":{"line":187,"column":4},"end":{"line":198,"column":4}}},"12":{"name":"getAddressList","line":200,"loc":{"start":{"line":200,"column":4},"end":{"line":203,"column":4}}},"13":{"name":"reserveTokensInternal","line":206,"loc":{"start":{"line":206,"column":4},"end":{"line":211,"column":4}}},"14":{"name":"reserveTokens","line":215,"loc":{"start":{"line":214,"column":4},"end":{"line":227,"column":4}}},"15":{"name":"mintTokensForPublic","line":231,"loc":{"start":{"line":230,"column":4},"end":{"line":242,"column":4}}},"16":{"name":"claimTokens","line":245,"loc":{"start":{"line":244,"column":4},"end":{"line":279,"column":4}}},"17":{"name":"calculateCliffTimeDiff","line":281,"loc":{"start":{"line":281,"column":4},"end":{"line":293,"column":4}}},"18":{"name":"calculateVestingForUserPerSecond","line":295,"loc":{"start":{"line":295,"column":4},"end":{"line":302,"column":4}}},"19":{"name":"getMaximalRelease","line":304,"loc":{"start":{"line":304,"column":4},"end":{"line":315,"column":4}}},"20":{"name":"getBalanceToRelease","line":317,"loc":{"start":{"line":317,"column":4},"end":{"line":331,"column":4}}},"21":{"name":"getTotalClaimedForAllRounds","line":333,"loc":{"start":{"line":333,"column":4},"end":{"line":335,"column":4}}},"22":{"name":"getTotalRemainingForAllRounds","line":337,"loc":{"start":{"line":337,"column":4},"end":{"line":340,"column":4}}},"23":{"name":"getTotalRemainingForSpecificRound","line":342,"loc":{"start":{"line":342,"column":4},"end":{"line":345,"column":4}}},"24":{"name":"getTotalPending","line":347,"loc":{"start":{"line":347,"column":4},"end":{"line":351,"column":4}}}},"statementMap":{"1":{"start":{"line":65,"column":8},"end":{"line":65,"column":47}},"2":{"start":{"line":67,"column":8},"end":{"line":67,"column":2347}},"3":{"start":{"line":71,"column":8},"end":{"line":71,"column":2780}},"4":{"start":{"line":74,"column":8},"end":{"line":74,"column":3050}},"5":{"start":{"line":77,"column":8},"end":{"line":77,"column":3287}},"6":{"start":{"line":81,"column":8},"end":{"line":81,"column":3581}},"7":{"start":{"line":84,"column":8},"end":{"line":84,"column":3819}},"8":{"start":{"line":87,"column":8},"end":{"line":87,"column":4098}},"9":{"start":{"line":90,"column":8},"end":{"line":90,"column":4378}},"10":{"start":{"line":93,"column":8},"end":{"line":93,"column":4661}},"11":{"start":{"line":96,"column":8},"end":{"line":96,"column":4940}},"12":{"start":{"line":99,"column":8},"end":{"line":99,"column":59}},"13":{"start":{"line":100,"column":8},"end":{"line":100,"column":65}},"14":{"start":{"line":101,"column":8},"end":{"line":101,"column":63}},"15":{"start":{"line":102,"column":8},"end":{"line":102,"column":73}},"16":{"start":{"line":103,"column":8},"end":{"line":103,"column":63}},"17":{"start":{"line":104,"column":8},"end":{"line":104,"column":69}},"18":{"start":{"line":105,"column":8},"end":{"line":105,"column":59}},"19":{"start":{"line":106,"column":8},"end":{"line":106,"column":67}},"20":{"start":{"line":107,"column":8},"end":{"line":107,"column":66}},"21":{"start":{"line":109,"column":8},"end":{"line":109,"column":53}},"22":{"start":{"line":112,"column":8},"end":{"line":112,"column":127}},"23":{"start":{"line":113,"column":8},"end":{"line":113,"column":113}},"24":{"start":{"line":114,"column":8},"end":{"line":114,"column":107}},"25":{"start":{"line":115,"column":8},"end":{"line":115,"column":118}},"26":{"start":{"line":118,"column":8},"end":{"line":118,"column":83}},"27":{"start":{"line":122,"column":8},"end":{"line":122,"column":59}},"28":{"start":{"line":124,"column":8},"end":{"line":124,"column":92}},"29":{"start":{"line":125,"column":8},"end":{"line":125,"column":131}},"30":{"start":{"line":130,"column":8},"end":{"line":130,"column":59}},"31":{"start":{"line":132,"column":8},"end":{"line":132,"column":70}},"32":{"start":{"line":137,"column":8},"end":{"line":137,"column":59}},"33":{"start":{"line":139,"column":8},"end":{"line":139,"column":7131}},"34":{"start":{"line":146,"column":8},"end":{"line":146,"column":59}},"35":{"start":{"line":148,"column":8},"end":{"line":148,"column":159}},"36":{"start":{"line":153,"column":8},"end":{"line":153,"column":59}},"37":{"start":{"line":155,"column":8},"end":{"line":155,"column":45}},"38":{"start":{"line":159,"column":8},"end":{"line":159,"column":59}},"39":{"start":{"line":161,"column":8},"end":{"line":161,"column":39}},"40":{"start":{"line":165,"column":8},"end":{"line":165,"column":59}},"41":{"start":{"line":166,"column":8},"end":{"line":166,"column":74}},"42":{"start":{"line":167,"column":8},"end":{"line":167,"column":42}},"43":{"start":{"line":171,"column":8},"end":{"line":171,"column":37}},"44":{"start":{"line":172,"column":8},"end":{"line":172,"column":64}},"45":{"start":{"line":178,"column":8},"end":{"line":178,"column":59}},"46":{"start":{"line":179,"column":8},"end":{"line":179,"column":37}},"47":{"start":{"line":180,"column":8},"end":{"line":180,"column":8708}},"48":{"start":{"line":181,"column":12},"end":{"line":181,"column":54}},"49":{"start":{"line":182,"column":12},"end":{"line":182,"column":53}},"50":{"start":{"line":184,"column":8},"end":{"line":184,"column":19}},"51":{"start":{"line":190,"column":8},"end":{"line":190,"column":59}},"52":{"start":{"line":191,"column":8},"end":{"line":191,"column":107}},"53":{"start":{"line":192,"column":8},"end":{"line":192,"column":85}},"54":{"start":{"line":194,"column":8},"end":{"line":194,"column":46}},"55":{"start":{"line":195,"column":8},"end":{"line":195,"column":97}},"56":{"start":{"line":196,"column":8},"end":{"line":196,"column":35}},"57":{"start":{"line":197,"column":8},"end":{"line":197,"column":19}},"58":{"start":{"line":201,"column":8},"end":{"line":201,"column":59}},"59":{"start":{"line":202,"column":8},"end":{"line":202,"column":37}},"60":{"start":{"line":207,"column":8},"end":{"line":207,"column":120}},"61":{"start":{"line":208,"column":8},"end":{"line":208,"column":117}},"62":{"start":{"line":209,"column":8},"end":{"line":209,"column":62}},"63":{"start":{"line":210,"column":8},"end":{"line":210,"column":51}},"64":{"start":{"line":216,"column":8},"end":{"line":216,"column":59}},"65":{"start":{"line":218,"column":8},"end":{"line":218,"column":10630}},"66":{"start":{"line":219,"column":12},"end":{"line":219,"column":68}},"67":{"start":{"line":222,"column":8},"end":{"line":222,"column":10798}},"68":{"start":{"line":223,"column":12},"end":{"line":223,"column":68}},"69":{"start":{"line":226,"column":8},"end":{"line":226,"column":53}},"70":{"start":{"line":232,"column":8},"end":{"line":232,"column":59}},"71":{"start":{"line":234,"column":8},"end":{"line":234,"column":73}},"72":{"start":{"line":235,"column":8},"end":{"line":235,"column":73}},"73":{"start":{"line":236,"column":8},"end":{"line":236,"column":111}},"74":{"start":{"line":237,"column":8},"end":{"line":237,"column":82}},"75":{"start":{"line":239,"column":8},"end":{"line":239,"column":61}},"76":{"start":{"line":240,"column":8},"end":{"line":240,"column":26}},"77":{"start":{"line":241,"column":8},"end":{"line":241,"column":43}},"78":{"start":{"line":246,"column":8},"end":{"line":246,"column":59}},"79":{"start":{"line":248,"column":8},"end":{"line":248,"column":12033}},"80":{"start":{"line":259,"column":8},"end":{"line":259,"column":70}},"81":{"start":{"line":261,"column":8},"end":{"line":261,"column":66}},"82":{"start":{"line":263,"column":8},"end":{"line":263,"column":96}},"83":{"start":{"line":265,"column":8},"end":{"line":265,"column":86}},"84":{"start":{"line":267,"column":8},"end":{"line":267,"column":58}},"85":{"start":{"line":269,"column":8},"end":{"line":269,"column":103}},"86":{"start":{"line":273,"column":8},"end":{"line":273,"column":87}},"87":{"start":{"line":273,"column":52},"end":{"line":273,"column":86}},"88":{"start":{"line":274,"column":8},"end":{"line":274,"column":46}},"89":{"start":{"line":275,"column":8},"end":{"line":275,"column":40}},"90":{"start":{"line":276,"column":8},"end":{"line":276,"column":35}},"91":{"start":{"line":277,"column":8},"end":{"line":277,"column":58}},"92":{"start":{"line":278,"column":8},"end":{"line":278,"column":58}},"93":{"start":{"line":283,"column":8},"end":{"line":283,"column":91}},"94":{"start":{"line":284,"column":8},"end":{"line":284,"column":38}},"95":{"start":{"line":285,"column":8},"end":{"line":285,"column":39}},"96":{"start":{"line":286,"column":8},"end":{"line":286,"column":38}},"97":{"start":{"line":287,"column":8},"end":{"line":287,"column":43}},"98":{"start":{"line":288,"column":8},"end":{"line":288,"column":38}},"99":{"start":{"line":289,"column":8},"end":{"line":289,"column":39}},"100":{"start":{"line":290,"column":8},"end":{"line":290,"column":37}},"101":{"start":{"line":291,"column":8},"end":{"line":291,"column":32}},"102":{"start":{"line":292,"column":8},"end":{"line":292,"column":23}},"103":{"start":{"line":298,"column":8},"end":{"line":298,"column":86}},"104":{"start":{"line":299,"column":8},"end":{"line":299,"column":46}},"105":{"start":{"line":300,"column":8},"end":{"line":300,"column":47}},"106":{"start":{"line":301,"column":8},"end":{"line":301,"column":38}},"107":{"start":{"line":306,"column":8},"end":{"line":306,"column":93}},"108":{"start":{"line":307,"column":8},"end":{"line":307,"column":42}},"109":{"start":{"line":308,"column":8},"end":{"line":308,"column":37}},"110":{"start":{"line":311,"column":8},"end":{"line":311,"column":110}},"111":{"start":{"line":312,"column":8},"end":{"line":312,"column":51}},"112":{"start":{"line":313,"column":8},"end":{"line":313,"column":44}},"113":{"start":{"line":314,"column":8},"end":{"line":314,"column":51}},"114":{"start":{"line":319,"column":8},"end":{"line":319,"column":90}},"115":{"start":{"line":320,"column":8},"end":{"line":320,"column":85}},"116":{"start":{"line":321,"column":8},"end":{"line":321,"column":35}},"117":{"start":{"line":322,"column":8},"end":{"line":322,"column":41}},"118":{"start":{"line":323,"column":8},"end":{"line":323,"column":43}},"119":{"start":{"line":324,"column":8},"end":{"line":324,"column":48}},"120":{"start":{"line":325,"column":8},"end":{"line":325,"column":72}},"121":{"start":{"line":326,"column":8},"end":{"line":326,"column":45}},"122":{"start":{"line":327,"column":8},"end":{"line":327,"column":40}},"123":{"start":{"line":328,"column":8},"end":{"line":328,"column":43}},"124":{"start":{"line":329,"column":8},"end":{"line":329,"column":38}},"125":{"start":{"line":330,"column":8},"end":{"line":330,"column":71}},"126":{"start":{"line":334,"column":7},"end":{"line":334,"column":27}},"127":{"start":{"line":338,"column":7},"end":{"line":338,"column":53}},"128":{"start":{"line":339,"column":7},"end":{"line":339,"column":17}},"129":{"start":{"line":343,"column":8},"end":{"line":343,"column":59}},"130":{"start":{"line":344,"column":8},"end":{"line":344,"column":58}},"131":{"start":{"line":348,"column":8},"end":{"line":348,"column":59}},"132":{"start":{"line":350,"column":8},"end":{"line":350,"column":47}}},"branchMap":{"1":{"line":124,"type":"if","locations":[{"start":{"line":124,"column":8},"end":{"line":124,"column":8}},{"start":{"line":124,"column":8},"end":{"line":124,"column":8}}]},"2":{"line":125,"type":"if","locations":[{"start":{"line":125,"column":8},"end":{"line":125,"column":8}},{"start":{"line":125,"column":8},"end":{"line":125,"column":8}}]},"3":{"line":132,"type":"if","locations":[{"start":{"line":132,"column":8},"end":{"line":132,"column":8}},{"start":{"line":132,"column":8},"end":{"line":132,"column":8}}]},"4":{"line":139,"type":"if","locations":[{"start":{"line":139,"column":8},"end":{"line":139,"column":8}},{"start":{"line":139,"column":8},"end":{"line":139,"column":8}}]},"5":{"line":148,"type":"if","locations":[{"start":{"line":148,"column":8},"end":{"line":148,"column":8}},{"start":{"line":148,"column":8},"end":{"line":148,"column":8}}]},"6":{"line":166,"type":"if","locations":[{"start":{"line":166,"column":8},"end":{"line":166,"column":8}},{"start":{"line":166,"column":8},"end":{"line":166,"column":8}}]},"7":{"line":191,"type":"if","locations":[{"start":{"line":191,"column":8},"end":{"line":191,"column":8}},{"start":{"line":191,"column":8},"end":{"line":191,"column":8}}]},"8":{"line":192,"type":"if","locations":[{"start":{"line":192,"column":8},"end":{"line":192,"column":8}},{"start":{"line":192,"column":8},"end":{"line":192,"column":8}}]},"9":{"line":207,"type":"if","locations":[{"start":{"line":207,"column":8},"end":{"line":207,"column":8}},{"start":{"line":207,"column":8},"end":{"line":207,"column":8}}]},"10":{"line":208,"type":"if","locations":[{"start":{"line":208,"column":8},"end":{"line":208,"column":8}},{"start":{"line":208,"column":8},"end":{"line":208,"column":8}}]},"11":{"line":218,"type":"if","locations":[{"start":{"line":218,"column":8},"end":{"line":218,"column":8}},{"start":{"line":218,"column":8},"end":{"line":218,"column":8}}]},"12":{"line":222,"type":"if","locations":[{"start":{"line":222,"column":8},"end":{"line":222,"column":8}},{"start":{"line":222,"column":8},"end":{"line":222,"column":8}}]},"13":{"line":234,"type":"if","locations":[{"start":{"line":234,"column":8},"end":{"line":234,"column":8}},{"start":{"line":234,"column":8},"end":{"line":234,"column":8}}]},"14":{"line":235,"type":"if","locations":[{"start":{"line":235,"column":8},"end":{"line":235,"column":8}},{"start":{"line":235,"column":8},"end":{"line":235,"column":8}}]},"15":{"line":236,"type":"if","locations":[{"start":{"line":236,"column":8},"end":{"line":236,"column":8}},{"start":{"line":236,"column":8},"end":{"line":236,"column":8}}]},"16":{"line":237,"type":"if","locations":[{"start":{"line":237,"column":8},"end":{"line":237,"column":8}},{"start":{"line":237,"column":8},"end":{"line":237,"column":8}}]},"17":{"line":259,"type":"if","locations":[{"start":{"line":259,"column":8},"end":{"line":259,"column":8}},{"start":{"line":259,"column":8},"end":{"line":259,"column":8}}]},"18":{"line":263,"type":"if","locations":[{"start":{"line":263,"column":8},"end":{"line":263,"column":8}},{"start":{"line":263,"column":8},"end":{"line":263,"column":8}}]},"19":{"line":273,"type":"if","locations":[{"start":{"line":273,"column":8},"end":{"line":273,"column":8}},{"start":{"line":273,"column":8},"end":{"line":273,"column":8}}]},"20":{"line":319,"type":"if","locations":[{"start":{"line":319,"column":8},"end":{"line":319,"column":8}},{"start":{"line":319,"column":8},"end":{"line":319,"column":8}}]},"21":{"line":325,"type":"if","locations":[{"start":{"line":325,"column":8},"end":{"line":325,"column":8}},{"start":{"line":325,"column":8},"end":{"line":325,"column":8}}]}}},"contracts/token-distribution/TokenDistribution.sol":{"l":{"24":222,"25":222,"27":222,"28":142,"29":53,"30":18,"31":16,"32":11,"33":9,"34":4,"35":2,"36":0},"path":"/Users/veyselmac/Desktop/MOONGAMING/mee-governance-token/contracts/token-distribution/TokenDistribution.sol","s":{"1":222,"2":222,"3":222,"4":80,"5":142,"6":89,"7":53,"8":35,"9":18,"10":2,"11":16,"12":5,"13":11,"14":2,"15":9,"16":5,"17":4,"18":2,"19":2,"20":2,"21":0},"b":{"1":[80,142],"2":[89,53],"3":[35,18],"4":[2,16],"5":[5,11],"6":[2,9],"7":[5,4],"8":[2,2],"9":[2,0]},"f":{"1":222},"fnMap":{"1":{"name":"getRoundTypeByKey","line":23,"loc":{"start":{"line":23,"column":4},"end":{"line":37,"column":4}}}},"statementMap":{"1":{"start":{"line":24,"column":8},"end":{"line":24,"column":50}},"2":{"start":{"line":25,"column":8},"end":{"line":25,"column":43}},"3":{"start":{"line":27,"column":8},"end":{"line":27,"column":89}},"4":{"start":{"line":27,"column":68},"end":{"line":27,"column":89}},"5":{"start":{"line":28,"column":8},"end":{"line":28,"column":98}},"6":{"start":{"line":28,"column":74},"end":{"line":28,"column":98}},"7":{"start":{"line":29,"column":8},"end":{"line":29,"column":95}},"8":{"start":{"line":29,"column":72},"end":{"line":29,"column":95}},"9":{"start":{"line":30,"column":8},"end":{"line":30,"column":110}},"10":{"start":{"line":30,"column":82},"end":{"line":30,"column":110}},"11":{"start":{"line":31,"column":8},"end":{"line":31,"column":104}},"12":{"start":{"line":31,"column":78},"end":{"line":31,"column":104}},"13":{"start":{"line":32,"column":8},"end":{"line":32,"column":101}},"14":{"start":{"line":32,"column":76},"end":{"line":32,"column":101}},"15":{"start":{"line":33,"column":8},"end":{"line":33,"column":98}},"16":{"start":{"line":33,"column":74},"end":{"line":33,"column":98}},"17":{"start":{"line":34,"column":8},"end":{"line":34,"column":89}},"18":{"start":{"line":34,"column":68},"end":{"line":34,"column":89}},"19":{"start":{"line":35,"column":8},"end":{"line":35,"column":95}},"20":{"start":{"line":35,"column":72},"end":{"line":35,"column":95}},"21":{"start":{"line":36,"column":8},"end":{"line":36,"column":15}}},"branchMap":{"1":{"line":27,"type":"if","locations":[{"start":{"line":27,"column":8},"end":{"line":27,"column":8}},{"start":{"line":27,"column":8},"end":{"line":27,"column":8}}]},"2":{"line":28,"type":"if","locations":[{"start":{"line":28,"column":8},"end":{"line":28,"column":8}},{"start":{"line":28,"column":8},"end":{"line":28,"column":8}}]},"3":{"line":29,"type":"if","locations":[{"start":{"line":29,"column":8},"end":{"line":29,"column":8}},{"start":{"line":29,"column":8},"end":{"line":29,"column":8}}]},"4":{"line":30,"type":"if","locations":[{"start":{"line":30,"column":8},"end":{"line":30,"column":8}},{"start":{"line":30,"column":8},"end":{"line":30,"column":8}}]},"5":{"line":31,"type":"if","locations":[{"start":{"line":31,"column":8},"end":{"line":31,"column":8}},{"start":{"line":31,"column":8},"end":{"line":31,"column":8}}]},"6":{"line":32,"type":"if","locations":[{"start":{"line":32,"column":8},"end":{"line":32,"column":8}},{"start":{"line":32,"column":8},"end":{"line":32,"column":8}}]},"7":{"line":33,"type":"if","locations":[{"start":{"line":33,"column":8},"end":{"line":33,"column":8}},{"start":{"line":33,"column":8},"end":{"line":33,"column":8}}]},"8":{"line":34,"type":"if","locations":[{"start":{"line":34,"column":8},"end":{"line":34,"column":8}},{"start":{"line":34,"column":8},"end":{"line":34,"column":8}}]},"9":{"line":35,"type":"if","locations":[{"start":{"line":35,"column":8},"end":{"line":35,"column":8}},{"start":{"line":35,"column":8},"end":{"line":35,"column":8}}]}}},"contracts/token/GameToken.sol":{"l":{"14":129,"15":129,"19":1,"23":1,"27":124,"31":107,"32":102},"path":"/Users/veyselmac/Desktop/MOONGAMING/mee-governance-token/contracts/token/GameToken.sol","s":{"1":129,"2":129,"3":1,"4":1,"5":124,"6":107},"b":{"1":[102,5]},"f":{"1":129,"2":1,"3":1,"4":124,"5":107},"fnMap":{"1":{"name":"constructor","line":13,"loc":{"start":{"line":13,"column":4},"end":{"line":16,"column":4}}},"2":{"name":"getGameOwnerAddress","line":18,"loc":{"start":{"line":18,"column":4},"end":{"line":20,"column":4}}},"3":{"name":"getSignatory","line":22,"loc":{"start":{"line":22,"column":4},"end":{"line":24,"column":4}}},"4":{"name":"isGameOwnerAddress","line":26,"loc":{"start":{"line":26,"column":4},"end":{"line":28,"column":4}}},"5":{"name":"onlyGameOwner","line":30,"loc":{"start":{"line":30,"column":4},"end":{"line":33,"column":4}}}},"statementMap":{"1":{"start":{"line":14,"column":8},"end":{"line":14,"column":43}},"2":{"start":{"line":15,"column":8},"end":{"line":15,"column":29}},"3":{"start":{"line":19,"column":8},"end":{"line":19,"column":31}},"4":{"start":{"line":23,"column":8},"end":{"line":23,"column":24}},"5":{"start":{"line":27,"column":8},"end":{"line":27,"column":47}},"6":{"start":{"line":31,"column":8},"end":{"line":31,"column":80}}},"branchMap":{"1":{"line":31,"type":"if","locations":[{"start":{"line":31,"column":8},"end":{"line":31,"column":8}},{"start":{"line":31,"column":8},"end":{"line":31,"column":8}}]}}},"contracts/token/GovernanceToken.sol":{"l":{"29":129,"33":2,"37":44,"41":1,"44":1,"48":3},"path":"/Users/veyselmac/Desktop/MOONGAMING/mee-governance-token/contracts/token/GovernanceToken.sol","s":{"1":129,"2":2,"3":44,"4":1,"5":1,"6":3},"b":{},"f":{"1":129,"2":2,"3":44,"4":1,"5":1,"6":3},"fnMap":{"1":{"name":"constructor","line":27,"loc":{"start":{"line":22,"column":4},"end":{"line":30,"column":4}}},"2":{"name":"decimals","line":32,"loc":{"start":{"line":32,"column":4},"end":{"line":34,"column":4}}},"3":{"name":"setMEEPrice","line":36,"loc":{"start":{"line":36,"column":4},"end":{"line":38,"column":4}}},"4":{"name":"getMEEPrice","line":40,"loc":{"start":{"line":40,"column":4},"end":{"line":42,"column":4}}},"5":{"name":"isERC20","line":43,"loc":{"start":{"line":43,"column":4},"end":{"line":45,"column":4}}},"6":{"name":"supportsInterface","line":47,"loc":{"start":{"line":47,"column":4},"end":{"line":49,"column":4}}}},"statementMap":{"1":{"start":{"line":29,"column":8},"end":{"line":29,"column":35}},"2":{"start":{"line":33,"column":8},"end":{"line":33,"column":27}},"3":{"start":{"line":37,"column":7},"end":{"line":37,"column":26}},"4":{"start":{"line":41,"column":8},"end":{"line":41,"column":23}},"5":{"start":{"line":44,"column":8},"end":{"line":44,"column":58}},"6":{"start":{"line":48,"column":8},"end":{"line":48,"column":70}}},"branchMap":{}}}