{"contracts/interfaces/IStakingRewards.sol":{"l":{},"path":"/Users/elly/moongaming/mee-governance-token/contracts/interfaces/IStakingRewards.sol","s":{},"b":{},"f":{},"fnMap":{},"statementMap":{},"branchMap":{}},"contracts/staking/StakingRewards.sol":{"l":{"67":0,"68":0,"74":0,"78":0,"82":0,"86":0,"87":0,"89":0,"96":0,"100":0,"106":0,"107":0,"108":0,"109":0,"110":0,"114":0,"115":0,"116":0,"117":0,"118":0,"122":0,"123":0,"124":0,"125":0,"126":0,"131":0,"132":0,"138":0,"139":0,"141":0,"142":0,"143":0,"150":0,"151":0,"153":0,"154":0,"155":0,"160":0,"161":0,"162":0,"166":0,"170":0,"171":0,"177":0,"178":0,"179":0,"180":0,"181":0,"183":0},"path":"/Users/elly/moongaming/mee-governance-token/contracts/staking/StakingRewards.sol","s":{"1":0,"2":0,"3":0,"4":0,"5":0,"6":0,"7":0,"8":0,"9":0,"10":0,"11":0,"12":0,"13":0,"14":0,"15":0,"16":0,"17":0,"18":0,"19":0,"20":0,"21":0,"22":0,"23":0,"24":0,"25":0,"26":0,"27":0,"28":0,"29":0,"30":0,"31":0,"32":0},"b":{"1":[0,0],"2":[0,0],"3":[0,0],"4":[0,0],"5":[0,0],"6":[0,0],"7":[0,0],"8":[0,0],"9":[0,0],"10":[0,0],"11":[0,0],"12":[0,0],"13":[0,0],"14":[0,0],"15":[0,0],"16":[0,0],"17":[0,0],"18":[0,0],"19":[0,0],"20":[0,0],"21":[0,0]},"f":{"1":0,"2":0,"3":0,"4":0,"5":0,"6":0,"7":0,"8":0,"9":0,"10":0,"11":0,"12":0,"13":0,"14":0,"15":0},"fnMap":{"1":{"name":"constructor","line":66,"loc":{"start":{"line":63,"column":4},"end":{"line":69,"column":4}}},"2":{"name":"totalSupply","line":73,"loc":{"start":{"line":73,"column":4},"end":{"line":75,"column":4}}},"3":{"name":"balanceOf","line":77,"loc":{"start":{"line":77,"column":4},"end":{"line":79,"column":4}}},"4":{"name":"lastTimeRewardApplicable","line":81,"loc":{"start":{"line":81,"column":4},"end":{"line":83,"column":4}}},"5":{"name":"rewardPerToken","line":85,"loc":{"start":{"line":85,"column":4},"end":{"line":93,"column":4}}},"6":{"name":"earned","line":95,"loc":{"start":{"line":95,"column":4},"end":{"line":97,"column":4}}},"7":{"name":"getRewardForDuration","line":99,"loc":{"start":{"line":99,"column":4},"end":{"line":101,"column":4}}},"8":{"name":"stake","line":105,"loc":{"start":{"line":105,"column":4},"end":{"line":111,"column":4}}},"9":{"name":"withdraw","line":113,"loc":{"start":{"line":113,"column":4},"end":{"line":119,"column":4}}},"10":{"name":"getReward","line":121,"loc":{"start":{"line":121,"column":4},"end":{"line":128,"column":4}}},"11":{"name":"exitStaking","line":130,"loc":{"start":{"line":130,"column":4},"end":{"line":133,"column":4}}},"12":{"name":"notifyRewardAmount","line":137,"loc":{"start":{"line":137,"column":4},"end":{"line":156,"column":4}}},"13":{"name":"recoverERC20","line":159,"loc":{"start":{"line":159,"column":4},"end":{"line":163,"column":4}}},"14":{"name":"setRewardsDuration","line":165,"loc":{"start":{"line":165,"column":4},"end":{"line":172,"column":4}}},"15":{"name":"updateReward","line":176,"loc":{"start":{"line":176,"column":4},"end":{"line":184,"column":4}}}},"statementMap":{"1":{"start":{"line":74,"column":8},"end":{"line":74,"column":27}},"2":{"start":{"line":78,"column":8},"end":{"line":78,"column":33}},"3":{"start":{"line":82,"column":8},"end":{"line":82,"column":78}},"4":{"start":{"line":86,"column":8},"end":{"line":86,"column":2714}},"5":{"start":{"line":87,"column":12},"end":{"line":87,"column":39}},"6":{"start":{"line":89,"column":8},"end":{"line":89,"column":2799}},"7":{"start":{"line":96,"column":8},"end":{"line":96,"column":124}},"8":{"start":{"line":100,"column":8},"end":{"line":100,"column":46}},"9":{"start":{"line":106,"column":8},"end":{"line":106,"column":44}},"10":{"start":{"line":109,"column":8},"end":{"line":109,"column":71}},"11":{"start":{"line":110,"column":8},"end":{"line":110,"column":39}},"12":{"start":{"line":114,"column":8},"end":{"line":114,"column":47}},"13":{"start":{"line":117,"column":8},"end":{"line":117,"column":52}},"14":{"start":{"line":118,"column":8},"end":{"line":118,"column":42}},"15":{"start":{"line":122,"column":8},"end":{"line":122,"column":44}},"16":{"start":{"line":123,"column":8},"end":{"line":123,"column":4205}},"17":{"start":{"line":125,"column":12},"end":{"line":125,"column":56}},"18":{"start":{"line":126,"column":12},"end":{"line":126,"column":47}},"19":{"start":{"line":131,"column":8},"end":{"line":131,"column":38}},"20":{"start":{"line":132,"column":8},"end":{"line":132,"column":18}},"21":{"start":{"line":138,"column":8},"end":{"line":138,"column":4648}},"22":{"start":{"line":141,"column":12},"end":{"line":141,"column":65}},"23":{"start":{"line":142,"column":12},"end":{"line":142,"column":56}},"24":{"start":{"line":150,"column":8},"end":{"line":150,"column":60}},"25":{"start":{"line":151,"column":8},"end":{"line":151,"column":86}},"26":{"start":{"line":155,"column":8},"end":{"line":155,"column":32}},"27":{"start":{"line":160,"column":8},"end":{"line":160,"column":90}},"28":{"start":{"line":161,"column":8},"end":{"line":161,"column":65}},"29":{"start":{"line":162,"column":8},"end":{"line":162,"column":49}},"30":{"start":{"line":166,"column":8},"end":{"line":166,"column":6092}},"31":{"start":{"line":171,"column":8},"end":{"line":171,"column":52}},"32":{"start":{"line":179,"column":8},"end":{"line":179,"column":6562}}},"branchMap":{"1":{"line":82,"type":"if","locations":[{"start":{"line":82,"column":48},"end":{"line":82,"column":62}},{"start":{"line":82,"column":66},"end":{"line":82,"column":77}}]},"2":{"line":86,"type":"if","locations":[{"start":{"line":86,"column":8},"end":{"line":86,"column":8}},{"start":{"line":86,"column":8},"end":{"line":86,"column":8}}]},"3":{"line":105,"type":"if","locations":[{"start":{"line":105,"column":44},"end":{"line":105,"column":44}},{"start":{"line":105,"column":44},"end":{"line":105,"column":44}}]},"4":{"line":105,"type":"if","locations":[{"start":{"line":105,"column":57},"end":{"line":105,"column":57}},{"start":{"line":105,"column":57},"end":{"line":105,"column":57}}]},"5":{"line":105,"type":"if","locations":[{"start":{"line":105,"column":71},"end":{"line":105,"column":71}},{"start":{"line":105,"column":71},"end":{"line":105,"column":71}}]},"6":{"line":106,"type":"if","locations":[{"start":{"line":106,"column":8},"end":{"line":106,"column":8}},{"start":{"line":106,"column":8},"end":{"line":106,"column":8}}]},"7":{"line":113,"type":"if","locations":[{"start":{"line":113,"column":45},"end":{"line":113,"column":45}},{"start":{"line":113,"column":45},"end":{"line":113,"column":45}}]},"8":{"line":113,"type":"if","locations":[{"start":{"line":113,"column":58},"end":{"line":113,"column":58}},{"start":{"line":113,"column":58},"end":{"line":113,"column":58}}]},"9":{"line":114,"type":"if","locations":[{"start":{"line":114,"column":8},"end":{"line":114,"column":8}},{"start":{"line":114,"column":8},"end":{"line":114,"column":8}}]},"10":{"line":121,"type":"if","locations":[{"start":{"line":121,"column":32},"end":{"line":121,"column":32}},{"start":{"line":121,"column":32},"end":{"line":121,"column":32}}]},"11":{"line":121,"type":"if","locations":[{"start":{"line":121,"column":45},"end":{"line":121,"column":45}},{"start":{"line":121,"column":45},"end":{"line":121,"column":45}}]},"12":{"line":123,"type":"if","locations":[{"start":{"line":123,"column":8},"end":{"line":123,"column":8}},{"start":{"line":123,"column":8},"end":{"line":123,"column":8}}]},"13":{"line":137,"type":"if","locations":[{"start":{"line":137,"column":57},"end":{"line":137,"column":57}},{"start":{"line":137,"column":57},"end":{"line":137,"column":57}}]},"14":{"line":137,"type":"if","locations":[{"start":{"line":137,"column":67},"end":{"line":137,"column":67}},{"start":{"line":137,"column":67},"end":{"line":137,"column":67}}]},"15":{"line":138,"type":"if","locations":[{"start":{"line":138,"column":8},"end":{"line":138,"column":8}},{"start":{"line":138,"column":8},"end":{"line":138,"column":8}}]},"16":{"line":151,"type":"if","locations":[{"start":{"line":151,"column":8},"end":{"line":151,"column":8}},{"start":{"line":151,"column":8},"end":{"line":151,"column":8}}]},"17":{"line":159,"type":"if","locations":[{"start":{"line":159,"column":78},"end":{"line":159,"column":78}},{"start":{"line":159,"column":78},"end":{"line":159,"column":78}}]},"18":{"line":160,"type":"if","locations":[{"start":{"line":160,"column":8},"end":{"line":160,"column":8}},{"start":{"line":160,"column":8},"end":{"line":160,"column":8}}]},"19":{"line":165,"type":"if","locations":[{"start":{"line":165,"column":67},"end":{"line":165,"column":67}},{"start":{"line":165,"column":67},"end":{"line":165,"column":67}}]},"20":{"line":166,"type":"if","locations":[{"start":{"line":166,"column":8},"end":{"line":166,"column":8}},{"start":{"line":166,"column":8},"end":{"line":166,"column":8}}]},"21":{"line":179,"type":"if","locations":[{"start":{"line":179,"column":8},"end":{"line":179,"column":8}},{"start":{"line":179,"column":8},"end":{"line":179,"column":8}}]}}},"contracts/token-distribution/SaleRounds.sol":{"l":{"49":12,"51":12,"52":12,"53":11,"57":15,"58":15,"59":12,"63":14,"65":14,"66":14,"75":105,"78":105,"81":105,"85":105,"88":105,"91":105,"94":105,"97":105,"100":105,"103":105,"104":105,"105":105,"106":105,"107":105,"108":105,"109":105,"110":105,"111":105,"113":105,"115":105,"120":7,"121":6,"127":5,"128":5,"130":5,"136":3,"137":3,"138":2,"140":1,"141":1,"142":1,"146":1,"147":1,"153":11,"155":11,"156":7,"161":7,"162":5,"164":4,"166":4,"167":4,"170":0,"173":0,"174":0,"178":0,"182":0,"183":0,"187":0,"188":0,"192":12,"193":12,"197":0,"198":0,"202":0,"204":0,"210":0,"212":0,"213":0,"218":641,"219":640,"220":637,"221":637,"222":637,"226":105,"227":105,"228":105,"229":105,"230":105,"231":105,"232":105,"233":105,"236":105,"237":105,"239":105,"240":105,"242":105,"243":105,"245":105,"246":105,"248":105,"249":105,"251":105,"254":105,"255":105,"256":105,"259":105,"262":105,"263":105,"264":105,"269":6,"270":6,"271":5,"275":0,"276":0,"278":0,"282":0,"287":0,"289":0,"294":7,"296":7,"306":7,"308":6,"310":6,"312":0,"314":0,"316":0,"317":0},"path":"/Users/elly/moongaming/mee-governance-token/contracts/token-distribution/SaleRounds.sol","s":{"1":12,"2":12,"3":12,"4":15,"5":15,"6":14,"7":14,"8":105,"9":7,"10":5,"11":5,"12":5,"13":3,"14":3,"15":2,"16":1,"17":1,"18":1,"19":1,"20":11,"21":11,"22":7,"23":7,"24":5,"25":4,"26":4,"27":4,"28":0,"29":0,"30":0,"31":0,"32":0,"33":0,"34":0,"35":12,"36":12,"37":0,"38":0,"39":0,"40":0,"41":0,"42":0,"43":641,"44":640,"45":637,"46":105,"47":105,"48":105,"49":105,"50":105,"51":105,"52":105,"53":105,"54":105,"55":105,"56":105,"57":105,"58":105,"59":105,"60":105,"61":105,"62":105,"63":105,"64":105,"65":105,"66":105,"67":105,"68":105,"69":105,"70":6,"71":0,"72":6,"73":1,"74":5,"75":0,"76":0,"77":0,"78":0,"79":0,"80":0,"81":0,"82":0,"83":7,"84":7,"85":7,"86":1,"87":6,"88":6,"89":0,"90":0,"91":0},"b":{"1":[12,0],"2":[11,1],"3":[12,3],"4":[14,0],"5":[7,1],"6":[6,1],"7":[5,1],"8":[3,1],"9":[2,1],"10":[1,1],"11":[1,1],"12":[12,3],"13":[11,1],"14":[7,0],"15":[5,2],"16":[4,1],"17":[0,4],"18":[0,0],"19":[0,0],"20":[0,0],"21":[640,1],"22":[637,3],"23":[637,0],"24":[105,0],"25":[105,0],"26":[105,0],"27":[105,0],"28":[105,0],"29":[105,0],"30":[105,0],"31":[0,6],"32":[1,5],"33":[0,0],"34":[0,0],"35":[7,0],"36":[1,6],"37":[6,0]},"f":{"1":12,"2":15,"3":14,"4":105,"5":7,"6":5,"7":3,"8":1,"9":11,"10":7,"11":0,"12":0,"13":0,"14":12,"15":0,"16":0,"17":0,"18":641,"19":105,"20":6,"21":0,"22":0,"23":7},"fnMap":{"1":{"name":"isEligibleToReserveToken","line":48,"loc":{"start":{"line":48,"column":4},"end":{"line":54,"column":4}}},"2":{"name":"isInvestRound","line":56,"loc":{"start":{"line":56,"column":4},"end":{"line":60,"column":4}}},"3":{"name":"claimableRound","line":62,"loc":{"start":{"line":62,"column":4},"end":{"line":67,"column":4}}},"4":{"name":"constructor","line":72,"loc":{"start":{"line":69,"column":4},"end":{"line":116,"column":4}}},"5":{"name":"beginVesting","line":119,"loc":{"start":{"line":118,"column":4},"end":{"line":122,"column":4}}},"6":{"name":"addAddressForDistribution","line":125,"loc":{"start":{"line":124,"column":4},"end":{"line":131,"column":4}}},"7":{"name":"deleteAddressForDistribution","line":134,"loc":{"start":{"line":133,"column":4},"end":{"line":143,"column":4}}},"8":{"name":"getAddressList","line":145,"loc":{"start":{"line":145,"column":4},"end":{"line":148,"column":4}}},"9":{"name":"reserveTokens","line":152,"loc":{"start":{"line":151,"column":4},"end":{"line":157,"column":4}}},"10":{"name":"claimTokens","line":160,"loc":{"start":{"line":159,"column":4},"end":{"line":175,"column":4}}},"11":{"name":"getTotalClaimedForAllRounds","line":177,"loc":{"start":{"line":177,"column":4},"end":{"line":179,"column":4}}},"12":{"name":"getTotalRemainingForAllRounds","line":181,"loc":{"start":{"line":181,"column":4},"end":{"line":184,"column":4}}},"13":{"name":"getTotalRemainingForSpecificRound","line":186,"loc":{"start":{"line":186,"column":4},"end":{"line":189,"column":4}}},"14":{"name":"getTotalPending","line":191,"loc":{"start":{"line":191,"column":4},"end":{"line":194,"column":4}}},"15":{"name":"getTotalUnclaimed","line":196,"loc":{"start":{"line":196,"column":4},"end":{"line":199,"column":4}}},"16":{"name":"getCliffTime","line":201,"loc":{"start":{"line":201,"column":4},"end":{"line":205,"column":4}}},"17":{"name":"mintTokensForPublic","line":209,"loc":{"start":{"line":208,"column":4},"end":{"line":214,"column":4}}},"18":{"name":"reserveTokensInternal","line":217,"loc":{"start":{"line":217,"column":4},"end":{"line":223,"column":4}}},"19":{"name":"initialReserveAndMint","line":225,"loc":{"start":{"line":225,"column":4},"end":{"line":265,"column":4}}},"20":{"name":"calculateCliffTimeDiff","line":267,"loc":{"start":{"line":267,"column":4},"end":{"line":272,"column":4}}},"21":{"name":"calculateVestingForUserPerPeriod","line":274,"loc":{"start":{"line":274,"column":4},"end":{"line":283,"column":4}}},"22":{"name":"calculateMaximumRelease","line":285,"loc":{"start":{"line":285,"column":4},"end":{"line":290,"column":4}}},"23":{"name":"getClaimableBalance","line":293,"loc":{"start":{"line":292,"column":4},"end":{"line":318,"column":4}}}},"statementMap":{"1":{"start":{"line":49,"column":8},"end":{"line":49,"column":59}},"2":{"start":{"line":51,"column":8},"end":{"line":51,"column":77}},"3":{"start":{"line":52,"column":8},"end":{"line":52,"column":76}},"4":{"start":{"line":57,"column":8},"end":{"line":57,"column":59}},"5":{"start":{"line":58,"column":8},"end":{"line":58,"column":77}},"6":{"start":{"line":63,"column":8},"end":{"line":63,"column":59}},"7":{"start":{"line":65,"column":8},"end":{"line":65,"column":89}},"8":{"start":{"line":115,"column":8},"end":{"line":115,"column":61}},"9":{"start":{"line":120,"column":8},"end":{"line":120,"column":89}},"10":{"start":{"line":127,"column":8},"end":{"line":127,"column":59}},"11":{"start":{"line":128,"column":8},"end":{"line":128,"column":44}},"12":{"start":{"line":130,"column":8},"end":{"line":130,"column":19}},"13":{"start":{"line":136,"column":8},"end":{"line":136,"column":59}},"14":{"start":{"line":137,"column":8},"end":{"line":137,"column":107}},"15":{"start":{"line":138,"column":8},"end":{"line":138,"column":85}},"16":{"start":{"line":141,"column":8},"end":{"line":141,"column":35}},"17":{"start":{"line":142,"column":8},"end":{"line":142,"column":19}},"18":{"start":{"line":146,"column":8},"end":{"line":146,"column":59}},"19":{"start":{"line":147,"column":8},"end":{"line":147,"column":37}},"20":{"start":{"line":153,"column":8},"end":{"line":153,"column":59}},"21":{"start":{"line":155,"column":8},"end":{"line":155,"column":53}},"22":{"start":{"line":156,"column":8},"end":{"line":156,"column":57}},"23":{"start":{"line":161,"column":8},"end":{"line":161,"column":87}},"24":{"start":{"line":162,"column":8},"end":{"line":162,"column":72}},"25":{"start":{"line":164,"column":8},"end":{"line":164,"column":59}},"26":{"start":{"line":166,"column":8},"end":{"line":166,"column":68}},"27":{"start":{"line":167,"column":8},"end":{"line":167,"column":57}},"28":{"start":{"line":173,"column":8},"end":{"line":173,"column":35}},"29":{"start":{"line":174,"column":8},"end":{"line":174,"column":64}},"30":{"start":{"line":178,"column":8},"end":{"line":178,"column":28}},"31":{"start":{"line":182,"column":8},"end":{"line":182,"column":54}},"32":{"start":{"line":183,"column":8},"end":{"line":183,"column":18}},"33":{"start":{"line":187,"column":8},"end":{"line":187,"column":59}},"34":{"start":{"line":188,"column":8},"end":{"line":188,"column":58}},"35":{"start":{"line":192,"column":8},"end":{"line":192,"column":59}},"36":{"start":{"line":193,"column":8},"end":{"line":193,"column":47}},"37":{"start":{"line":197,"column":8},"end":{"line":197,"column":59}},"38":{"start":{"line":198,"column":8},"end":{"line":198,"column":81}},"39":{"start":{"line":202,"column":8},"end":{"line":202,"column":60}},"40":{"start":{"line":204,"column":8},"end":{"line":204,"column":49}},"41":{"start":{"line":210,"column":8},"end":{"line":210,"column":117}},"42":{"start":{"line":213,"column":8},"end":{"line":213,"column":26}},"43":{"start":{"line":218,"column":8},"end":{"line":218,"column":119}},"44":{"start":{"line":219,"column":8},"end":{"line":219,"column":117}},"45":{"start":{"line":220,"column":8},"end":{"line":220,"column":71}},"46":{"start":{"line":226,"column":8},"end":{"line":226,"column":94}},"47":{"start":{"line":227,"column":8},"end":{"line":227,"column":56}},"48":{"start":{"line":228,"column":8},"end":{"line":228,"column":59}},"49":{"start":{"line":229,"column":8},"end":{"line":229,"column":61}},"50":{"start":{"line":230,"column":8},"end":{"line":230,"column":56}},"51":{"start":{"line":231,"column":8},"end":{"line":231,"column":54}},"52":{"start":{"line":232,"column":8},"end":{"line":232,"column":58}},"53":{"start":{"line":233,"column":8},"end":{"line":233,"column":58}},"54":{"start":{"line":236,"column":8},"end":{"line":236,"column":93}},"55":{"start":{"line":237,"column":8},"end":{"line":237,"column":109}},"56":{"start":{"line":239,"column":8},"end":{"line":239,"column":81}},"57":{"start":{"line":240,"column":8},"end":{"line":240,"column":94}},"58":{"start":{"line":242,"column":8},"end":{"line":242,"column":77}},"59":{"start":{"line":243,"column":8},"end":{"line":243,"column":88}},"60":{"start":{"line":245,"column":8},"end":{"line":245,"column":85}},"61":{"start":{"line":246,"column":8},"end":{"line":246,"column":100}},"62":{"start":{"line":248,"column":8},"end":{"line":248,"column":85}},"63":{"start":{"line":249,"column":8},"end":{"line":249,"column":99}},"64":{"start":{"line":251,"column":8},"end":{"line":251,"column":87}},"65":{"start":{"line":254,"column":8},"end":{"line":254,"column":75}},"66":{"start":{"line":255,"column":8},"end":{"line":255,"column":60}},"67":{"start":{"line":259,"column":8},"end":{"line":259,"column":128}},"68":{"start":{"line":262,"column":8},"end":{"line":262,"column":73}},"69":{"start":{"line":264,"column":8},"end":{"line":264,"column":54}},"70":{"start":{"line":269,"column":8},"end":{"line":269,"column":56}},"71":{"start":{"line":269,"column":48},"end":{"line":269,"column":56}},"72":{"start":{"line":270,"column":8},"end":{"line":270,"column":74}},"73":{"start":{"line":270,"column":66},"end":{"line":270,"column":74}},"74":{"start":{"line":271,"column":8},"end":{"line":271,"column":67}},"75":{"start":{"line":275,"column":8},"end":{"line":275,"column":66}},"76":{"start":{"line":275,"column":42},"end":{"line":275,"column":66}},"77":{"start":{"line":276,"column":8},"end":{"line":276,"column":71}},"78":{"start":{"line":276,"column":47},"end":{"line":276,"column":71}},"79":{"start":{"line":278,"column":8},"end":{"line":278,"column":77}},"80":{"start":{"line":282,"column":8},"end":{"line":282,"column":42}},"81":{"start":{"line":287,"column":8},"end":{"line":287,"column":94}},"82":{"start":{"line":289,"column":8},"end":{"line":289,"column":64}},"83":{"start":{"line":294,"column":8},"end":{"line":294,"column":59}},"84":{"start":{"line":296,"column":8},"end":{"line":296,"column":14690}},"85":{"start":{"line":306,"column":8},"end":{"line":306,"column":66}},"86":{"start":{"line":306,"column":58},"end":{"line":306,"column":66}},"87":{"start":{"line":310,"column":8},"end":{"line":310,"column":49}},"88":{"start":{"line":310,"column":41},"end":{"line":310,"column":49}},"89":{"start":{"line":314,"column":8},"end":{"line":314,"column":64}},"90":{"start":{"line":316,"column":8},"end":{"line":316,"column":87}},"91":{"start":{"line":317,"column":8},"end":{"line":317,"column":57}}},"branchMap":{"1":{"line":51,"type":"if","locations":[{"start":{"line":51,"column":8},"end":{"line":51,"column":8}},{"start":{"line":51,"column":8},"end":{"line":51,"column":8}}]},"2":{"line":52,"type":"if","locations":[{"start":{"line":52,"column":8},"end":{"line":52,"column":8}},{"start":{"line":52,"column":8},"end":{"line":52,"column":8}}]},"3":{"line":58,"type":"if","locations":[{"start":{"line":58,"column":8},"end":{"line":58,"column":8}},{"start":{"line":58,"column":8},"end":{"line":58,"column":8}}]},"4":{"line":65,"type":"if","locations":[{"start":{"line":65,"column":8},"end":{"line":65,"column":8}},{"start":{"line":65,"column":8},"end":{"line":65,"column":8}}]},"5":{"line":119,"type":"if","locations":[{"start":{"line":119,"column":4},"end":{"line":119,"column":4}},{"start":{"line":119,"column":4},"end":{"line":119,"column":4}}]},"6":{"line":120,"type":"if","locations":[{"start":{"line":120,"column":8},"end":{"line":120,"column":8}},{"start":{"line":120,"column":8},"end":{"line":120,"column":8}}]},"7":{"line":125,"type":"if","locations":[{"start":{"line":125,"column":8},"end":{"line":125,"column":8}},{"start":{"line":125,"column":8},"end":{"line":125,"column":8}}]},"8":{"line":134,"type":"if","locations":[{"start":{"line":134,"column":8},"end":{"line":134,"column":8}},{"start":{"line":134,"column":8},"end":{"line":134,"column":8}}]},"9":{"line":137,"type":"if","locations":[{"start":{"line":137,"column":8},"end":{"line":137,"column":8}},{"start":{"line":137,"column":8},"end":{"line":137,"column":8}}]},"10":{"line":138,"type":"if","locations":[{"start":{"line":138,"column":8},"end":{"line":138,"column":8}},{"start":{"line":138,"column":8},"end":{"line":138,"column":8}}]},"11":{"line":145,"type":"if","locations":[{"start":{"line":145,"column":65},"end":{"line":145,"column":65}},{"start":{"line":145,"column":65},"end":{"line":145,"column":65}}]},"12":{"line":152,"type":"if","locations":[{"start":{"line":152,"column":4},"end":{"line":152,"column":4}},{"start":{"line":152,"column":4},"end":{"line":152,"column":4}}]},"13":{"line":152,"type":"if","locations":[{"start":{"line":152,"column":30},"end":{"line":152,"column":30}},{"start":{"line":152,"column":30},"end":{"line":152,"column":30}}]},"14":{"line":160,"type":"if","locations":[{"start":{"line":160,"column":4},"end":{"line":160,"column":4}},{"start":{"line":160,"column":4},"end":{"line":160,"column":4}}]},"15":{"line":161,"type":"if","locations":[{"start":{"line":161,"column":8},"end":{"line":161,"column":8}},{"start":{"line":161,"column":8},"end":{"line":161,"column":8}}]},"16":{"line":162,"type":"if","locations":[{"start":{"line":162,"column":8},"end":{"line":162,"column":8}},{"start":{"line":162,"column":8},"end":{"line":162,"column":8}}]},"17":{"line":167,"type":"if","locations":[{"start":{"line":167,"column":8},"end":{"line":167,"column":8}},{"start":{"line":167,"column":8},"end":{"line":167,"column":8}}]},"18":{"line":201,"type":"if","locations":[{"start":{"line":201,"column":68},"end":{"line":201,"column":68}},{"start":{"line":201,"column":68},"end":{"line":201,"column":68}}]},"19":{"line":209,"type":"if","locations":[{"start":{"line":209,"column":4},"end":{"line":209,"column":4}},{"start":{"line":209,"column":4},"end":{"line":209,"column":4}}]},"20":{"line":210,"type":"if","locations":[{"start":{"line":210,"column":8},"end":{"line":210,"column":8}},{"start":{"line":210,"column":8},"end":{"line":210,"column":8}}]},"21":{"line":218,"type":"if","locations":[{"start":{"line":218,"column":8},"end":{"line":218,"column":8}},{"start":{"line":218,"column":8},"end":{"line":218,"column":8}}]},"22":{"line":219,"type":"if","locations":[{"start":{"line":219,"column":8},"end":{"line":219,"column":8}},{"start":{"line":219,"column":8},"end":{"line":219,"column":8}}]},"23":{"line":220,"type":"if","locations":[{"start":{"line":220,"column":8},"end":{"line":220,"column":8}},{"start":{"line":220,"column":8},"end":{"line":220,"column":8}}]},"24":{"line":226,"type":"if","locations":[{"start":{"line":226,"column":8},"end":{"line":226,"column":8}},{"start":{"line":226,"column":8},"end":{"line":226,"column":8}}]},"25":{"line":236,"type":"if","locations":[{"start":{"line":236,"column":8},"end":{"line":236,"column":8}},{"start":{"line":236,"column":8},"end":{"line":236,"column":8}}]},"26":{"line":239,"type":"if","locations":[{"start":{"line":239,"column":8},"end":{"line":239,"column":8}},{"start":{"line":239,"column":8},"end":{"line":239,"column":8}}]},"27":{"line":242,"type":"if","locations":[{"start":{"line":242,"column":8},"end":{"line":242,"column":8}},{"start":{"line":242,"column":8},"end":{"line":242,"column":8}}]},"28":{"line":245,"type":"if","locations":[{"start":{"line":245,"column":8},"end":{"line":245,"column":8}},{"start":{"line":245,"column":8},"end":{"line":245,"column":8}}]},"29":{"line":248,"type":"if","locations":[{"start":{"line":248,"column":8},"end":{"line":248,"column":8}},{"start":{"line":248,"column":8},"end":{"line":248,"column":8}}]},"30":{"line":251,"type":"if","locations":[{"start":{"line":251,"column":8},"end":{"line":251,"column":8}},{"start":{"line":251,"column":8},"end":{"line":251,"column":8}}]},"31":{"line":269,"type":"if","locations":[{"start":{"line":269,"column":8},"end":{"line":269,"column":8}},{"start":{"line":269,"column":8},"end":{"line":269,"column":8}}]},"32":{"line":270,"type":"if","locations":[{"start":{"line":270,"column":8},"end":{"line":270,"column":8}},{"start":{"line":270,"column":8},"end":{"line":270,"column":8}}]},"33":{"line":275,"type":"if","locations":[{"start":{"line":275,"column":8},"end":{"line":275,"column":8}},{"start":{"line":275,"column":8},"end":{"line":275,"column":8}}]},"34":{"line":276,"type":"if","locations":[{"start":{"line":276,"column":8},"end":{"line":276,"column":8}},{"start":{"line":276,"column":8},"end":{"line":276,"column":8}}]},"35":{"line":293,"type":"if","locations":[{"start":{"line":293,"column":4},"end":{"line":293,"column":4}},{"start":{"line":293,"column":4},"end":{"line":293,"column":4}}]},"36":{"line":306,"type":"if","locations":[{"start":{"line":306,"column":8},"end":{"line":306,"column":8}},{"start":{"line":306,"column":8},"end":{"line":306,"column":8}}]},"37":{"line":310,"type":"if","locations":[{"start":{"line":310,"column":8},"end":{"line":310,"column":8}},{"start":{"line":310,"column":8},"end":{"line":310,"column":8}}]}}},"contracts/token-distribution/TokenDistribution.sol":{"l":{"21":84,"22":84,"24":84,"25":52,"26":31,"27":27,"28":26,"29":7,"30":6,"31":2,"32":1,"33":0},"path":"/Users/elly/moongaming/mee-governance-token/contracts/token-distribution/TokenDistribution.sol","s":{"1":84,"2":84,"3":84,"4":32,"5":52,"6":21,"7":31,"8":4,"9":27,"10":1,"11":26,"12":19,"13":7,"14":1,"15":6,"16":4,"17":2,"18":1,"19":1,"20":1,"21":0},"b":{"1":[32,52],"2":[32,0],"3":[21,31],"4":[21,0],"5":[4,27],"6":[4,0],"7":[1,26],"8":[1,0],"9":[19,7],"10":[19,0],"11":[1,6],"12":[1,0],"13":[4,2],"14":[4,0],"15":[1,1],"16":[1,0],"17":[1,0],"18":[1,0]},"f":{"1":84},"fnMap":{"1":{"name":"getRoundTypeByKey","line":20,"loc":{"start":{"line":20,"column":4},"end":{"line":34,"column":4}}}},"statementMap":{"1":{"start":{"line":21,"column":8},"end":{"line":21,"column":50}},"2":{"start":{"line":22,"column":8},"end":{"line":22,"column":43}},"3":{"start":{"line":24,"column":8},"end":{"line":24,"column":89}},"4":{"start":{"line":24,"column":68},"end":{"line":24,"column":89}},"5":{"start":{"line":25,"column":8},"end":{"line":25,"column":98}},"6":{"start":{"line":25,"column":74},"end":{"line":25,"column":98}},"7":{"start":{"line":26,"column":8},"end":{"line":26,"column":95}},"8":{"start":{"line":26,"column":72},"end":{"line":26,"column":95}},"9":{"start":{"line":27,"column":8},"end":{"line":27,"column":110}},"10":{"start":{"line":27,"column":82},"end":{"line":27,"column":110}},"11":{"start":{"line":28,"column":8},"end":{"line":28,"column":104}},"12":{"start":{"line":28,"column":78},"end":{"line":28,"column":104}},"13":{"start":{"line":29,"column":8},"end":{"line":29,"column":101}},"14":{"start":{"line":29,"column":76},"end":{"line":29,"column":101}},"15":{"start":{"line":30,"column":8},"end":{"line":30,"column":98}},"16":{"start":{"line":30,"column":74},"end":{"line":30,"column":98}},"17":{"start":{"line":31,"column":8},"end":{"line":31,"column":89}},"18":{"start":{"line":31,"column":68},"end":{"line":31,"column":89}},"19":{"start":{"line":32,"column":8},"end":{"line":32,"column":95}},"20":{"start":{"line":32,"column":72},"end":{"line":32,"column":95}},"21":{"start":{"line":33,"column":8},"end":{"line":33,"column":15}}},"branchMap":{"1":{"line":24,"type":"if","locations":[{"start":{"line":24,"column":8},"end":{"line":24,"column":8}},{"start":{"line":24,"column":8},"end":{"line":24,"column":8}}]},"2":{"line":24,"type":"cond-expr","locations":[{"start":{"line":24,"column":12},"end":{"line":24,"column":36}},{"start":{"line":24,"column":41},"end":{"line":24,"column":65}}]},"3":{"line":25,"type":"if","locations":[{"start":{"line":25,"column":8},"end":{"line":25,"column":8}},{"start":{"line":25,"column":8},"end":{"line":25,"column":8}}]},"4":{"line":25,"type":"cond-expr","locations":[{"start":{"line":25,"column":12},"end":{"line":25,"column":39}},{"start":{"line":25,"column":44},"end":{"line":25,"column":71}}]},"5":{"line":26,"type":"if","locations":[{"start":{"line":26,"column":8},"end":{"line":26,"column":8}},{"start":{"line":26,"column":8},"end":{"line":26,"column":8}}]},"6":{"line":26,"type":"cond-expr","locations":[{"start":{"line":26,"column":12},"end":{"line":26,"column":38}},{"start":{"line":26,"column":43},"end":{"line":26,"column":69}}]},"7":{"line":27,"type":"if","locations":[{"start":{"line":27,"column":8},"end":{"line":27,"column":8}},{"start":{"line":27,"column":8},"end":{"line":27,"column":8}}]},"8":{"line":27,"type":"cond-expr","locations":[{"start":{"line":27,"column":12},"end":{"line":27,"column":43}},{"start":{"line":27,"column":48},"end":{"line":27,"column":79}}]},"9":{"line":28,"type":"if","locations":[{"start":{"line":28,"column":8},"end":{"line":28,"column":8}},{"start":{"line":28,"column":8},"end":{"line":28,"column":8}}]},"10":{"line":28,"type":"cond-expr","locations":[{"start":{"line":28,"column":12},"end":{"line":28,"column":41}},{"start":{"line":28,"column":46},"end":{"line":28,"column":75}}]},"11":{"line":29,"type":"if","locations":[{"start":{"line":29,"column":8},"end":{"line":29,"column":8}},{"start":{"line":29,"column":8},"end":{"line":29,"column":8}}]},"12":{"line":29,"type":"cond-expr","locations":[{"start":{"line":29,"column":12},"end":{"line":29,"column":40}},{"start":{"line":29,"column":45},"end":{"line":29,"column":73}}]},"13":{"line":30,"type":"if","locations":[{"start":{"line":30,"column":8},"end":{"line":30,"column":8}},{"start":{"line":30,"column":8},"end":{"line":30,"column":8}}]},"14":{"line":30,"type":"cond-expr","locations":[{"start":{"line":30,"column":12},"end":{"line":30,"column":39}},{"start":{"line":30,"column":44},"end":{"line":30,"column":71}}]},"15":{"line":31,"type":"if","locations":[{"start":{"line":31,"column":8},"end":{"line":31,"column":8}},{"start":{"line":31,"column":8},"end":{"line":31,"column":8}}]},"16":{"line":31,"type":"cond-expr","locations":[{"start":{"line":31,"column":12},"end":{"line":31,"column":36}},{"start":{"line":31,"column":41},"end":{"line":31,"column":65}}]},"17":{"line":32,"type":"if","locations":[{"start":{"line":32,"column":8},"end":{"line":32,"column":8}},{"start":{"line":32,"column":8},"end":{"line":32,"column":8}}]},"18":{"line":32,"type":"cond-expr","locations":[{"start":{"line":32,"column":12},"end":{"line":32,"column":38}},{"start":{"line":32,"column":43},"end":{"line":32,"column":69}}]}}},"contracts/token/GovernanceToken.sol":{"l":{"22":105,"26":1,"30":3,"34":2},"path":"/Users/elly/moongaming/mee-governance-token/contracts/token/GovernanceToken.sol","s":{"1":1,"2":3,"3":2},"b":{"1":[1,1]},"f":{"1":105,"2":1,"3":3,"4":2},"fnMap":{"1":{"name":"constructor","line":21,"loc":{"start":{"line":18,"column":4},"end":{"line":23,"column":4}}},"2":{"name":"isERC20","line":25,"loc":{"start":{"line":25,"column":4},"end":{"line":27,"column":4}}},"3":{"name":"supportsInterface","line":29,"loc":{"start":{"line":29,"column":4},"end":{"line":31,"column":4}}},"4":{"name":"decimals","line":33,"loc":{"start":{"line":33,"column":4},"end":{"line":35,"column":4}}}},"statementMap":{"1":{"start":{"line":26,"column":8},"end":{"line":26,"column":58}},"2":{"start":{"line":30,"column":8},"end":{"line":30,"column":70}},"3":{"start":{"line":34,"column":8},"end":{"line":34,"column":27}}},"branchMap":{"1":{"line":30,"type":"cond-expr","locations":[{"start":{"line":30,"column":15},"end":{"line":30,"column":39}},{"start":{"line":30,"column":44},"end":{"line":30,"column":69}}]}}},"contracts/utils/GameOwner.sol":{"l":{"19":105,"20":105,"27":0,"28":0,"29":0,"37":1,"45":34,"52":22,"53":17},"path":"/Users/elly/moongaming/mee-governance-token/contracts/utils/GameOwner.sol","s":{"1":105,"2":0,"3":0,"4":1,"5":34,"6":22},"b":{"1":[105,0],"2":[0,0],"3":[0,0],"4":[1,1],"5":[17,5]},"f":{"1":105,"2":0,"3":1,"4":34,"5":22},"fnMap":{"1":{"name":"constructor","line":18,"loc":{"start":{"line":18,"column":4},"end":{"line":21,"column":4}}},"2":{"name":"setGameOwnerAddress","line":26,"loc":{"start":{"line":26,"column":4},"end":{"line":30,"column":4}}},"3":{"name":"getGameOwnerAddress","line":36,"loc":{"start":{"line":36,"column":4},"end":{"line":38,"column":4}}},"4":{"name":"isGameOwnerAddress","line":44,"loc":{"start":{"line":44,"column":4},"end":{"line":46,"column":4}}},"5":{"name":"onlyGameOwner","line":51,"loc":{"start":{"line":51,"column":4},"end":{"line":54,"column":4}}}},"statementMap":{"1":{"start":{"line":19,"column":8},"end":{"line":19,"column":93}},"2":{"start":{"line":27,"column":8},"end":{"line":27,"column":87}},"3":{"start":{"line":29,"column":8},"end":{"line":29,"column":43}},"4":{"start":{"line":37,"column":8},"end":{"line":37,"column":31}},"5":{"start":{"line":45,"column":8},"end":{"line":45,"column":47}},"6":{"start":{"line":52,"column":8},"end":{"line":52,"column":81}}},"branchMap":{"1":{"line":19,"type":"if","locations":[{"start":{"line":19,"column":8},"end":{"line":19,"column":8}},{"start":{"line":19,"column":8},"end":{"line":19,"column":8}}]},"2":{"line":26,"type":"if","locations":[{"start":{"line":26,"column":63},"end":{"line":26,"column":63}},{"start":{"line":26,"column":63},"end":{"line":26,"column":63}}]},"3":{"line":27,"type":"if","locations":[{"start":{"line":27,"column":8},"end":{"line":27,"column":8}},{"start":{"line":27,"column":8},"end":{"line":27,"column":8}}]},"4":{"line":36,"type":"if","locations":[{"start":{"line":36,"column":49},"end":{"line":36,"column":49}},{"start":{"line":36,"column":49},"end":{"line":36,"column":49}}]},"5":{"line":52,"type":"if","locations":[{"start":{"line":52,"column":8},"end":{"line":52,"column":8}},{"start":{"line":52,"column":8},"end":{"line":52,"column":8}}]}}}}